# JRE version: OpenJDK Runtime Environment (21.0.9) (build 21.0.9+-14787801-b1163.94)
# Java VM: OpenJDK 64-Bit Server VM (21.0.9+-14787801-b1163.94, mixed mode, tiered, compressed oops, compressed class ptrs, g1 gc, windows-amd64)
GC Precious Log:
 CardTable entry size: 512
 Card Set container configuration: InlinePtr #cards 5 size 8 Array Of Cards #cards 12 size 40 Howl #buckets 4 coarsen threshold 1843 Howl Bitmap #cards 512 size 80 coarsen threshold 460 Card regions per heap region 1 cards per card region 2048
 CPUs: 12 total, 12 available
 Memory: 7929M
 Large Page Support: Disabled
 NUMA Support: Disabled
 Compressed Oops: Enabled (32-bit)
 Heap Region Size: 1M
 Heap Min Capacity: 8M
 Heap Initial Capacity: 124M
 Heap Max Capacity: 2G
 Pre-touch: Disabled
 Parallel Workers: 10
 Concurrent Workers: 3
 Concurrent Refinement Workers: 10
 Periodic GC: Disabled
Heap:
 garbage-first heap   total 366592K, used 348598K [0x0000000080000000, 0x0000000100000000)
  region size 1024K, 202 young (206848K), 15 survivors (15360K)
 Metaspace       used 123830K, committed 126272K, reserved 1179648K
  class space    used 17321K, committed 18496K, reserved 1048576K
GC Heap History (20 events):
Event: 11.826 GC heap after
{Heap after GC invocations=48 (full 0):
 garbage-first heap   total 232448K, used 127096K [0x0000000080000000, 0x0000000100000000)
  region size 1024K, 6 young (6144K), 6 survivors (6144K)
 Metaspace       used 118461K, committed 120768K, reserved 1179648K
  class space    used 16589K, committed 17664K, reserved 1048576K
}
Event: 11.899 GC heap before
{Heap before GC invocations=48 (full 0):
 garbage-first heap   total 232448K, used 214136K [0x0000000080000000, 0x0000000100000000)
  region size 1024K, 92 young (94208K), 6 survivors (6144K)
 Metaspace       used 118464K, committed 120832K, reserved 1179648K
  class space    used 16589K, committed 17664K, reserved 1048576K
}
Event: 11.903 GC heap after
{Heap after GC invocations=49 (full 0):
 garbage-first heap   total 232448K, used 125648K [0x0000000080000000, 0x0000000100000000)
  region size 1024K, 6 young (6144K), 6 survivors (6144K)
 Metaspace       used 118464K, committed 120832K, reserved 1179648K
  class space    used 16589K, committed 17664K, reserved 1048576K
}
Event: 12.030 GC heap before
{Heap before GC invocations=49 (full 0):
 garbage-first heap   total 232448K, used 216784K [0x0000000080000000, 0x0000000100000000)
  region size 1024K, 95 young (97280K), 6 survivors (6144K)
 Metaspace       used 118500K, committed 120832K, reserved 1179648K
  class space    used 16590K, committed 17664K, reserved 1048576K
}
Event: 12.034 GC heap after
{Heap after GC invocations=50 (full 0):
 garbage-first heap   total 349184K, used 126392K [0x0000000080000000, 0x0000000100000000)
  region size 1024K, 7 young (7168K), 7 survivors (7168K)
 Metaspace       used 118500K, committed 120832K, reserved 1179648K
  class space    used 16590K, committed 17664K, reserved 1048576K
}
Event: 12.357 GC heap before
{Heap before GC invocations=51 (full 0):
 garbage-first heap   total 349184K, used 326072K [0x0000000080000000, 0x0000000100000000)
  region size 1024K, 203 young (207872K), 7 survivors (7168K)
 Metaspace       used 118723K, committed 121088K, reserved 1179648K
  class space    used 16631K, committed 17728K, reserved 1048576K
}
Event: 12.362 GC heap after
{Heap after GC invocations=52 (full 0):
 garbage-first heap   total 349184K, used 128173K [0x0000000080000000, 0x0000000100000000)
  region size 1024K, 9 young (9216K), 9 survivors (9216K)
 Metaspace       used 118723K, committed 121088K, reserved 1179648K
  class space    used 16631K, committed 17728K, reserved 1048576K
}
Event: 12.766 GC heap before
{Heap before GC invocations=52 (full 0):
 garbage-first heap   total 349184K, used 326829K [0x0000000080000000, 0x0000000100000000)
  region size 1024K, 204 young (208896K), 9 survivors (9216K)
 Metaspace       used 120196K, committed 122496K, reserved 1179648K
  class space    used 16842K, committed 17920K, reserved 1048576K
}
Event: 12.773 GC heap after
{Heap after GC invocations=53 (full 0):
 garbage-first heap   total 349184K, used 129785K [0x0000000080000000, 0x0000000100000000)
  region size 1024K, 11 young (11264K), 11 survivors (11264K)
 Metaspace       used 120196K, committed 122496K, reserved 1179648K
  class space    used 16842K, committed 17920K, reserved 1048576K
}
Event: 13.092 GC heap before
{Heap before GC invocations=53 (full 0):
 garbage-first heap   total 349184K, used 326393K [0x0000000080000000, 0x0000000100000000)
  region size 1024K, 204 young (208896K), 11 survivors (11264K)
 Metaspace       used 122943K, committed 125440K, reserved 1179648K
  class space    used 17181K, committed 18368K, reserved 1048576K
}
Event: 13.098 GC heap after
{Heap after GC invocations=54 (full 0):
 garbage-first heap   total 349184K, used 133881K [0x0000000080000000, 0x0000000100000000)
  region size 1024K, 15 young (15360K), 15 survivors (15360K)
 Metaspace       used 122943K, committed 125440K, reserved 1179648K
  class space    used 17181K, committed 18368K, reserved 1048576K
}
Event: 13.267 GC heap before
{Heap before GC invocations=55 (full 0):
 garbage-first heap   total 349184K, used 327417K [0x0000000080000000, 0x0000000100000000)
  region size 1024K, 204 young (208896K), 15 survivors (15360K)
 Metaspace       used 123381K, committed 125824K, reserved 1179648K
  class space    used 17265K, committed 18432K, reserved 1048576K
}
Event: 13.276 GC heap after
{Heap after GC invocations=56 (full 0):
 garbage-first heap   total 349184K, used 135025K [0x0000000080000000, 0x0000000100000000)
  region size 1024K, 15 young (15360K), 15 survivors (15360K)
 Metaspace       used 123381K, committed 125824K, reserved 1179648K
  class space    used 17265K, committed 18432K, reserved 1048576K
}
Event: 13.385 GC heap before
{Heap before GC invocations=56 (full 0):
 garbage-first heap   total 349184K, used 327537K [0x0000000080000000, 0x0000000100000000)
  region size 1024K, 204 young (208896K), 15 survivors (15360K)
 Metaspace       used 123409K, committed 125824K, reserved 1179648K
  class space    used 17267K, committed 18432K, reserved 1048576K
}
Event: 13.393 GC heap after
{Heap after GC invocations=57 (full 0):
 garbage-first heap   total 349184K, used 135804K [0x0000000080000000, 0x0000000100000000)
  region size 1024K, 14 young (14336K), 14 survivors (14336K)
 Metaspace       used 123409K, committed 125824K, reserved 1179648K
  class space    used 17267K, committed 18432K, reserved 1048576K
}
Event: 13.483 GC heap before
{Heap before GC invocations=57 (full 0):
 garbage-first heap   total 349184K, used 330364K [0x0000000080000000, 0x0000000100000000)
  region size 1024K, 204 young (208896K), 14 survivors (14336K)
 Metaspace       used 123409K, committed 125824K, reserved 1179648K
  class space    used 17267K, committed 18432K, reserved 1048576K
}
Event: 13.489 GC heap after
{Heap after GC invocations=58 (full 0):
 garbage-first heap   total 349184K, used 136545K [0x0000000080000000, 0x0000000100000000)
  region size 1024K, 15 young (15360K), 15 survivors (15360K)
 Metaspace       used 123409K, committed 125824K, reserved 1179648K
  class space    used 17267K, committed 18432K, reserved 1048576K
}
Event: 13.651 GC heap before
{Heap before GC invocations=59 (full 0):
 garbage-first heap   total 349184K, used 329057K [0x0000000080000000, 0x0000000100000000)
  region size 1024K, 204 young (208896K), 15 survivors (15360K)
 Metaspace       used 123730K, committed 126144K, reserved 1179648K
  class space    used 17308K, committed 18432K, reserved 1048576K
}
Event: 13.658 GC heap after
{Heap after GC invocations=60 (full 0):
 garbage-first heap   total 349184K, used 137654K [0x0000000080000000, 0x0000000100000000)
  region size 1024K, 15 young (15360K), 15 survivors (15360K)
 Metaspace       used 123730K, committed 126144K, reserved 1179648K
  class space    used 17308K, committed 18432K, reserved 1048576K
}
Event: 13.892 GC heap before
{Heap before GC invocations=60 (full 0):
 garbage-first heap   total 349184K, used 347574K [0x0000000080000000, 0x0000000100000000)
  region size 1024K, 202 young (206848K), 15 survivors (15360K)
 Metaspace       used 123830K, committed 126272K, reserved 1179648K
  class space    used 17321K, committed 18496K, reserved 1048576K
}

